C:\Program Files (x86)\MSBuild\Microsoft.Cpp\v4.0\V140\Microsoft.CppBuild.targets(392,5): warning MSB8028: The intermediate directory (Release\) contains files shared from another project (02-Bubble.vcxproj).  This can lead to incorrect clean and rebuild behavior.
  Game.cpp
  main.cpp
  Player.cpp
  Scene.cpp
  Shader.cpp
  ShaderProgram.cpp
  Sprite.cpp
  Texture.cpp
  TileMap.cpp
SOIL.lib(SOIL.obj) : warning LNK4075: ignoring '/EDITANDCONTINUE' due to '/OPT:ICF' specification
LINK : warning LNK4098: defaultlib 'MSVCRTD' conflicts with use of other libs; use /NODEFAULTLIB:library
  Generating code
  547 of 550 functions (99.5%) were compiled, the rest were copied from previous compilation.
    3 functions were new in current compilation
    0 functions had inline decision re-evaluated but remain unchanged
  Finished generating code
SOIL.lib(image_DXT.obj) : warning LNK4099: PDB 'vc100.pdb' was not found with 'SOIL.lib(image_DXT.obj)' or at 'C:\Users\avall\Desktop\ContraVJ-FIB\Contra\2DGame\ContraGame\Release\vc100.pdb'; linking object as if no debug info
SOIL.lib(image_helper.obj) : warning LNK4099: PDB 'vc100.pdb' was not found with 'SOIL.lib(image_helper.obj)' or at 'C:\Users\avall\Desktop\ContraVJ-FIB\Contra\2DGame\ContraGame\Release\vc100.pdb'; linking object as if no debug info
SOIL.lib(SOIL.obj) : warning LNK4099: PDB 'vc100.pdb' was not found with 'SOIL.lib(SOIL.obj)' or at 'C:\Users\avall\Desktop\ContraVJ-FIB\Contra\2DGame\ContraGame\Release\vc100.pdb'; linking object as if no debug info
SOIL.lib(stb_image_aug.obj) : warning LNK4099: PDB 'vc100.pdb' was not found with 'SOIL.lib(stb_image_aug.obj)' or at 'C:\Users\avall\Desktop\ContraVJ-FIB\Contra\2DGame\ContraGame\Release\vc100.pdb'; linking object as if no debug info
  ContraGame.vcxproj -> C:\Users\avall\Desktop\ContraVJ-FIB\Contra\2DGame\ContraGame\Release\ContraGame.exe
  ContraGame.vcxproj -> C:\Users\avall\Desktop\ContraVJ-FIB\Contra\2DGame\ContraGame\Release\ContraGame.pdb (Full PDB)
