c:\users\avall\desktop\contravj-fib\contra\2dgame\contragame\contragame\debug\vc140.pdb
c:\users\avall\desktop\contravj-fib\contra\2dgame\contragame\contragame\debug\vc140.idb
c:\users\avall\desktop\contravj-fib\contra\2dgame\contragame\contragame\debug\bullet.obj
c:\users\avall\desktop\contravj-fib\contra\2dgame\contragame\contragame\debug\bulletmanager.obj
c:\users\avall\desktop\contravj-fib\contra\2dgame\contragame\contragame\debug\enemy.obj
c:\users\avall\desktop\contravj-fib\contra\2dgame\contragame\contragame\debug\enemymanager.obj
c:\users\avall\desktop\contravj-fib\contra\2dgame\contragame\contragame\debug\game.obj
c:\users\avall\desktop\contravj-fib\contra\2dgame\contragame\contragame\debug\main.obj
c:\users\avall\desktop\contravj-fib\contra\2dgame\contragame\contragame\debug\player.obj
c:\users\avall\desktop\contravj-fib\contra\2dgame\contragame\contragame\debug\scene.obj
c:\users\avall\desktop\contravj-fib\contra\2dgame\contragame\contragame\debug\shader.obj
c:\users\avall\desktop\contravj-fib\contra\2dgame\contragame\contragame\debug\shaderprogram.obj
c:\users\avall\desktop\contravj-fib\contra\2dgame\contragame\contragame\debug\sniper.obj
c:\users\avall\desktop\contravj-fib\contra\2dgame\contragame\contragame\debug\soldier.obj
c:\users\avall\desktop\contravj-fib\contra\2dgame\contragame\contragame\debug\soundsystem.obj
c:\users\avall\desktop\contravj-fib\contra\2dgame\contragame\contragame\debug\sprite.obj
c:\users\avall\desktop\contravj-fib\contra\2dgame\contragame\contragame\debug\superturret.obj
c:\users\avall\desktop\contravj-fib\contra\2dgame\contragame\contragame\debug\texture.obj
c:\users\avall\desktop\contravj-fib\contra\2dgame\contragame\contragame\debug\tilemap.obj
c:\users\avall\desktop\contravj-fib\contra\2dgame\contragame\contragame\debug\time.obj
c:\users\avall\desktop\contravj-fib\contra\2dgame\contragame\contragame\debug\turret.obj
c:\users\avall\desktop\contravj-fib\contra\2dgame\contragame\debug\contragame.ilk
c:\users\avall\desktop\contravj-fib\contra\2dgame\contragame\debug\contragame.exe
c:\users\avall\desktop\contravj-fib\contra\2dgame\contragame\debug\contragame.pdb
c:\users\avall\desktop\contravj-fib\contra\2dgame\contragame\contragame\debug\contragame.tlog\cl.command.1.tlog
c:\users\avall\desktop\contravj-fib\contra\2dgame\contragame\contragame\debug\contragame.tlog\cl.read.1.tlog
c:\users\avall\desktop\contravj-fib\contra\2dgame\contragame\contragame\debug\contragame.tlog\cl.write.1.tlog
c:\users\avall\desktop\contravj-fib\contra\2dgame\contragame\contragame\debug\contragame.tlog\link.command.1.tlog
c:\users\avall\desktop\contravj-fib\contra\2dgame\contragame\contragame\debug\contragame.tlog\link.read.1.tlog
c:\users\avall\desktop\contravj-fib\contra\2dgame\contragame\contragame\debug\contragame.tlog\link.write.1.tlog
