C:\Program Files (x86)\MSBuild\Microsoft.Cpp\v4.0\V140\Microsoft.CppBuild.targets(392,5): warning MSB8028: The intermediate directory (Debug\) contains files shared from another project (02-Bubble.vcxproj).  This can lead to incorrect clean and rebuild behavior.
  main.cpp
  Turret.cpp
  TileMap.cpp
  SuperTurret.cpp
  SpreadGun.cpp
  Soldier.cpp
  Sniper.cpp
  Scene.cpp
c:\users\roger\documents\universitat\4t\vj\2d\contra\2dgame\contragame\contragame\scene.cpp(268): warning C4244: '=': conversion from 'int' to 'float', possible loss of data
  Player.cpp
c:\users\roger\documents\universitat\4t\vj\2d\contra\2dgame\contragame\contragame\player.cpp(839): warning C4996: 'sprintf': This function or variable may be unsafe. Consider using sprintf_s instead. To disable deprecation, use _CRT_SECURE_NO_WARNINGS. See online help for details.
  c:\program files (x86)\windows kits\10\include\10.0.10240.0\ucrt\stdio.h(1769): note: see declaration of 'sprintf'
c:\users\roger\documents\universitat\4t\vj\2d\contra\2dgame\contragame\contragame\player.cpp(862): warning C4996: 'sprintf': This function or variable may be unsafe. Consider using sprintf_s instead. To disable deprecation, use _CRT_SECURE_NO_WARNINGS. See online help for details.
  c:\program files (x86)\windows kits\10\include\10.0.10240.0\ucrt\stdio.h(1769): note: see declaration of 'sprintf'
  IconLife.cpp
  GreenSoldier.cpp
c:\users\roger\documents\universitat\4t\vj\2d\contra\2dgame\contragame\contragame\greensoldier.cpp(97): warning C4244: '-=': conversion from 'float' to 'int', possible loss of data
c:\users\roger\documents\universitat\4t\vj\2d\contra\2dgame\contragame\contragame\greensoldier.cpp(101): warning C4244: '+=': conversion from 'float' to 'int', possible loss of data
  Game.cpp
  EnemyManager.cpp
c:\users\roger\documents\universitat\4t\vj\2d\contra\2dgame\contragame\contragame\enemymanager.cpp(210): warning C4018: '<': signed/unsigned mismatch
c:\users\roger\documents\universitat\4t\vj\2d\contra\2dgame\contragame\contragame\enemymanager.cpp(225): warning C4018: '<': signed/unsigned mismatch
c:\users\roger\documents\universitat\4t\vj\2d\contra\2dgame\contragame\contragame\enemymanager.cpp(238): warning C4018: '<': signed/unsigned mismatch
  Enemy.cpp
  BulletManager.cpp
c:\users\roger\documents\universitat\4t\vj\2d\contra\2dgame\contragame\contragame\bulletmanager.cpp(14): warning C4018: '<': signed/unsigned mismatch
c:\users\roger\documents\universitat\4t\vj\2d\contra\2dgame\contragame\contragame\bulletmanager.cpp(27): warning C4018: '<': signed/unsigned mismatch
c:\users\roger\documents\universitat\4t\vj\2d\contra\2dgame\contragame\contragame\bulletmanager.cpp(75): warning C4018: '<': signed/unsigned mismatch
c:\users\roger\documents\universitat\4t\vj\2d\contra\2dgame\contragame\contragame\bulletmanager.cpp(86): warning C4018: '<': signed/unsigned mismatch
  Bullet.cpp
  Generating Code...
c:\users\roger\documents\universitat\4t\vj\2d\contra\2dgame\contragame\contragame\greensoldier.cpp(132): warning C4715: 'GreenSoldier::getSize': not all control paths return a value
c:\users\roger\documents\universitat\4t\vj\2d\contra\2dgame\contragame\contragame\greensoldier.cpp(155): warning C4715: 'GreenSoldier::getTopLeftPos': not all control paths return a value
c:\users\roger\documents\universitat\4t\vj\2d\contra\2dgame\contragame\contragame\tilemap.cpp(197): warning C4715: 'TileMap::isTerrainAhead': not all control paths return a value
  LINK : C:\Users\roger\Documents\Universitat\4t\VJ\2D\Contra\2DGame\ContraGame\Debug\ContraGame.exe not found or not built by the last incremental link; performing full link
SOIL.lib(image_DXT.obj) : warning LNK4099: PDB 'vc100.pdb' was not found with 'SOIL.lib(image_DXT.obj)' or at 'C:\Users\roger\Documents\Universitat\4t\VJ\2D\Contra\2DGame\ContraGame\Debug\vc100.pdb'; linking object as if no debug info
SOIL.lib(image_helper.obj) : warning LNK4099: PDB 'vc100.pdb' was not found with 'SOIL.lib(image_helper.obj)' or at 'C:\Users\roger\Documents\Universitat\4t\VJ\2D\Contra\2DGame\ContraGame\Debug\vc100.pdb'; linking object as if no debug info
SOIL.lib(SOIL.obj) : warning LNK4099: PDB 'vc100.pdb' was not found with 'SOIL.lib(SOIL.obj)' or at 'C:\Users\roger\Documents\Universitat\4t\VJ\2D\Contra\2DGame\ContraGame\Debug\vc100.pdb'; linking object as if no debug info
SOIL.lib(stb_image_aug.obj) : warning LNK4099: PDB 'vc100.pdb' was not found with 'SOIL.lib(stb_image_aug.obj)' or at 'C:\Users\roger\Documents\Universitat\4t\VJ\2D\Contra\2DGame\ContraGame\Debug\vc100.pdb'; linking object as if no debug info
  ContraGame.vcxproj -> C:\Users\roger\Documents\Universitat\4t\VJ\2D\Contra\2DGame\ContraGame\Debug\ContraGame.exe
  ContraGame.vcxproj -> C:\Users\roger\Documents\Universitat\4t\VJ\2D\Contra\2DGame\ContraGame\Debug\ContraGame.pdb (Full PDB)
